<?xml version="1.0" encoding="UTF-8"?>
<testsuite xmlns:xsi="http://www.w3.org/2001/XMLSchema-instance" xsi:noNamespaceSchemaLocation="https://maven.apache.org/surefire/maven-surefire-plugin/xsd/surefire-test-report.xsd" version="3.0.2" name="com.metar.decoder.MetarDecoderApplicationTests" time="7.161" tests="1" errors="0" skipped="0" failures="0">
  <properties>
[...]
</properties>
  <testcase name="contextLoads" classname="com.metar.decoder.MetarDecoderApplicationTests" time="2.002">
    <system-out><![CDATA[15:02:43.111 [main] INFO org.springframework.test.context.support.AnnotationConfigContextLoaderUtils -- Could not detect default configuration classes for test class [com.metar.decoder.MetarDecoderApplicationTests]: MetarDecoderApplicationTests does not declare any static, non-private, non-final, nested classes annotated with @Configuration.
15:02:43.336 [main] INFO org.springframework.boot.test.context.SpringBootTestContextBootstrapper -- Found @SpringBootConfiguration com.metar.decoder.MetarDecoderApplication for test class com.metar.decoder.MetarDecoderApplicationTests

  .   ____          _            __ _ _
 /\\ / ___'_ __ _ _(_)_ __  __ _ \ \ \ \
( ( )\___ | '_ | '_| | '_ \/ _` | \ \ \ \
 \\/  ___)| |_)| | | | | || (_| |  ) ) ) )
  '  |____| .__|_| |_|_| |_\__, | / / / /
 =========|_|==============|___/=/_/_/_/

 :: Spring Boot ::       (v3.4.2-SNAPSHOT)

2025-01-27T15:02:44.210+05:30  INFO 17708 --- [           main] c.m.d.MetarDecoderApplicationTests       : Starting MetarDecoderApplicationTests using Java 23.0.1 with PID 17708 (started by Kaushik Walwadkar in E:\Eclipse\EclipseWorkSpace\METAR_DECODER)
2025-01-27T15:02:44.211+05:30  INFO 17708 --- [           main] c.m.d.MetarDecoderApplicationTests       : No active profile set, falling back to 1 default profile: "default"
2025-01-27T15:02:46.266+05:30  INFO 17708 --- [           main] r$InitializeUserDetailsManagerConfigurer : Global AuthenticationManager configured with UserDetailsService bean with name userDetailsService
2025-01-27T15:02:46.799+05:30  WARN 17708 --- [           main] onfigurer$ExpressionInterceptUrlRegistry : One of the patterns in [/login, /logout, login.html] is missing a leading slash. This is discouraged; please include the leading slash in all your request matcher patterns. In future versions of Spring Security, leaving out the leading slash will result in an exception.
2025-01-27T15:02:47.669+05:30  WARN 17708 --- [           main] ion$DefaultTemplateResolverConfiguration : Cannot find template location: classpath:/templates/ (please add some templates, check your Thymeleaf configuration, or set spring.thymeleaf.check-template-location=false)
2025-01-27T15:02:47.902+05:30  INFO 17708 --- [           main] c.m.d.MetarDecoderApplicationTests       : Started MetarDecoderApplicationTests in 4.269 seconds (process running for 6.268)
]]></system-out>
    <system-err><![CDATA[Mockito is currently self-attaching to enable the inline-mock-maker. This will no longer work in future releases of the JDK. Please add Mockito as an agent to your build what is described in Mockito's documentation: https://javadoc.io/doc/org.mockito/mockito-core/latest/org/mockito/Mockito.html#0.3
WARNING: A Java agent has been loaded dynamically (C:\Users\Kaushik Walwadkar\.m2\repository\net\bytebuddy\byte-buddy-agent\1.15.11\byte-buddy-agent-1.15.11.jar)
WARNING: If a serviceability tool is in use, please run with -XX:+EnableDynamicAgentLoading to hide this warning
WARNING: If a serviceability tool is not in use, please run with -Djdk.instrument.traceUsage for more information
WARNING: Dynamic loading of agents will be disallowed by default in a future release
]]></system-err>
  </testcase>
</testsuite>